# JRE version: OpenJDK Runtime Environment Temurin-21.0.8+9 (21.0.8+9) (build 21.0.8+9-LTS)
# Java VM: OpenJDK 64-Bit Server VM Temurin-21.0.8+9 (21.0.8+9-LTS, mixed mode, sharing, tiered, compressed oops, compressed class ptrs, parallel gc, windows-amd64)
GC Precious Log:
 CardTable entry size: 512
 CPUs: 8 total, 8 available
 Memory: 3434M
 Large Page Support: Disabled
 NUMA Support: Disabled
 Compressed Oops: Enabled (32-bit)
 Alignments: Space 512K, Generation 512K, Heap 2M
 Heap Min Capacity: 100M
 Heap Initial Capacity: 100M
 Heap Max Capacity: 2G
 Pre-touch: Disabled
 Parallel Workers: 8
Heap:
 PSYoungGen      total 8704K, used 8540K [0x00000000d5580000, 0x00000000d6080000, 0x0000000100000000)
  eden space 8192K, 100% used [0x00000000d5580000,0x00000000d5d80000,0x00000000d5d80000)
  from space 512K, 67% used [0x00000000d6000000,0x00000000d6057000,0x00000000d6080000)
  to   space 512K, 0% used [0x00000000d5f80000,0x00000000d5f80000,0x00000000d6000000)
 ParOldGen       total 190976K, used 190577K [0x0000000080000000, 0x000000008ba80000, 0x00000000d5580000)
  object space 190976K, 99% used [0x0000000080000000,0x000000008ba1c450,0x000000008ba80000)
 Metaspace       used 76404K, committed 78208K, reserved 1179648K
  class space    used 7941K, committed 8768K, reserved 1048576K
GC Heap History (20 events):
Event: 417.202 GC heap before
{Heap before GC invocations=328 (full 3):
 PSYoungGen      total 8704K, used 8676K [0x00000000d5580000, 0x00000000d6080000, 0x0000000100000000)
  eden space 8192K, 100% used [0x00000000d5580000,0x00000000d5d80000,0x00000000d5d80000)
  from space 512K, 94% used [0x00000000d6000000,0x00000000d6079240,0x00000000d6080000)
  to   space 512K, 0% used [0x00000000d5f80000,0x00000000d5f80000,0x00000000d6000000)
 ParOldGen       total 188416K, used 187986K [0x0000000080000000, 0x000000008b800000, 0x00000000d5580000)
  object space 188416K, 99% used [0x0000000080000000,0x000000008b794a38,0x000000008b800000)
 Metaspace       used 76273K, committed 78144K, reserved 1179648K
  class space    used 7916K, committed 8768K, reserved 1048576K
}
Event: 417.204 GC heap after
{Heap after GC invocations=328 (full 3):
 PSYoungGen      total 8704K, used 358K [0x00000000d5580000, 0x00000000d6080000, 0x0000000100000000)
  eden space 8192K, 0% used [0x00000000d5580000,0x00000000d5580000,0x00000000d5d80000)
  from space 512K, 69% used [0x00000000d5f80000,0x00000000d5fd9988,0x00000000d6000000)
  to   space 512K, 0% used [0x00000000d6000000,0x00000000d6000000,0x00000000d6080000)
 ParOldGen       total 188416K, used 188286K [0x0000000080000000, 0x000000008b800000, 0x00000000d5580000)
  object space 188416K, 99% used [0x0000000080000000,0x000000008b7df920,0x000000008b800000)
 Metaspace       used 76273K, committed 78144K, reserved 1179648K
  class space    used 7916K, committed 8768K, reserved 1048576K
}
Event: 418.247 GC heap before
{Heap before GC invocations=329 (full 3):
 PSYoungGen      total 8704K, used 8550K [0x00000000d5580000, 0x00000000d6080000, 0x0000000100000000)
  eden space 8192K, 100% used [0x00000000d5580000,0x00000000d5d80000,0x00000000d5d80000)
  from space 512K, 69% used [0x00000000d5f80000,0x00000000d5fd9988,0x00000000d6000000)
  to   space 512K, 0% used [0x00000000d6000000,0x00000000d6000000,0x00000000d6080000)
 ParOldGen       total 188416K, used 188286K [0x0000000080000000, 0x000000008b800000, 0x00000000d5580000)
  object space 188416K, 99% used [0x0000000080000000,0x000000008b7df920,0x000000008b800000)
 Metaspace       used 76273K, committed 78144K, reserved 1179648K
  class space    used 7916K, committed 8768K, reserved 1048576K
}
Event: 418.249 GC heap after
{Heap after GC invocations=329 (full 3):
 PSYoungGen      total 8704K, used 232K [0x00000000d5580000, 0x00000000d6080000, 0x0000000100000000)
  eden space 8192K, 0% used [0x00000000d5580000,0x00000000d5580000,0x00000000d5d80000)
  from space 512K, 45% used [0x00000000d6000000,0x00000000d603a1f0,0x00000000d6080000)
  to   space 512K, 0% used [0x00000000d5f80000,0x00000000d5f80000,0x00000000d6000000)
 ParOldGen       total 188928K, used 188553K [0x0000000080000000, 0x000000008b880000, 0x00000000d5580000)
  object space 188928K, 99% used [0x0000000080000000,0x000000008b822760,0x000000008b880000)
 Metaspace       used 76273K, committed 78144K, reserved 1179648K
  class space    used 7916K, committed 8768K, reserved 1048576K
}
Event: 418.338 GC heap before
{Heap before GC invocations=330 (full 3):
 PSYoungGen      total 8704K, used 8424K [0x00000000d5580000, 0x00000000d6080000, 0x0000000100000000)
  eden space 8192K, 100% used [0x00000000d5580000,0x00000000d5d80000,0x00000000d5d80000)
  from space 512K, 45% used [0x00000000d6000000,0x00000000d603a1f0,0x00000000d6080000)
  to   space 512K, 0% used [0x00000000d5f80000,0x00000000d5f80000,0x00000000d6000000)
 ParOldGen       total 188928K, used 188553K [0x0000000080000000, 0x000000008b880000, 0x00000000d5580000)
  object space 188928K, 99% used [0x0000000080000000,0x000000008b822760,0x000000008b880000)
 Metaspace       used 76273K, committed 78144K, reserved 1179648K
  class space    used 7916K, committed 8768K, reserved 1048576K
}
Event: 418.342 GC heap after
{Heap after GC invocations=330 (full 3):
 PSYoungGen      total 8704K, used 352K [0x00000000d5580000, 0x00000000d6080000, 0x0000000100000000)
  eden space 8192K, 0% used [0x00000000d5580000,0x00000000d5580000,0x00000000d5d80000)
  from space 512K, 68% used [0x00000000d5f80000,0x00000000d5fd8038,0x00000000d6000000)
  to   space 512K, 0% used [0x00000000d6000000,0x00000000d6000000,0x00000000d6080000)
 ParOldGen       total 188928K, used 188654K [0x0000000080000000, 0x000000008b880000, 0x00000000d5580000)
  object space 188928K, 99% used [0x0000000080000000,0x000000008b83b820,0x000000008b880000)
 Metaspace       used 76273K, committed 78144K, reserved 1179648K
  class space    used 7916K, committed 8768K, reserved 1048576K
}
Event: 418.778 GC heap before
{Heap before GC invocations=331 (full 3):
 PSYoungGen      total 8704K, used 8544K [0x00000000d5580000, 0x00000000d6080000, 0x0000000100000000)
  eden space 8192K, 100% used [0x00000000d5580000,0x00000000d5d80000,0x00000000d5d80000)
  from space 512K, 68% used [0x00000000d5f80000,0x00000000d5fd8038,0x00000000d6000000)
  to   space 512K, 0% used [0x00000000d6000000,0x00000000d6000000,0x00000000d6080000)
 ParOldGen       total 188928K, used 188654K [0x0000000080000000, 0x000000008b880000, 0x00000000d5580000)
  object space 188928K, 99% used [0x0000000080000000,0x000000008b83b820,0x000000008b880000)
 Metaspace       used 76273K, committed 78144K, reserved 1179648K
  class space    used 7916K, committed 8768K, reserved 1048576K
}
Event: 418.781 GC heap after
{Heap after GC invocations=331 (full 3):
 PSYoungGen      total 8704K, used 359K [0x00000000d5580000, 0x00000000d6080000, 0x0000000100000000)
  eden space 8192K, 0% used [0x00000000d5580000,0x00000000d5580000,0x00000000d5d80000)
  from space 512K, 70% used [0x00000000d6000000,0x00000000d6059c88,0x00000000d6080000)
  to   space 512K, 0% used [0x00000000d5f80000,0x00000000d5f80000,0x00000000d6000000)
 ParOldGen       total 188928K, used 188862K [0x0000000080000000, 0x000000008b880000, 0x00000000d5580000)
  object space 188928K, 99% used [0x0000000080000000,0x000000008b86f858,0x000000008b880000)
 Metaspace       used 76273K, committed 78144K, reserved 1179648K
  class space    used 7916K, committed 8768K, reserved 1048576K
}
Event: 418.844 GC heap before
{Heap before GC invocations=332 (full 3):
 PSYoungGen      total 8704K, used 8551K [0x00000000d5580000, 0x00000000d6080000, 0x0000000100000000)
  eden space 8192K, 100% used [0x00000000d5580000,0x00000000d5d80000,0x00000000d5d80000)
  from space 512K, 70% used [0x00000000d6000000,0x00000000d6059c88,0x00000000d6080000)
  to   space 512K, 0% used [0x00000000d5f80000,0x00000000d5f80000,0x00000000d6000000)
 ParOldGen       total 188928K, used 188862K [0x0000000080000000, 0x000000008b880000, 0x00000000d5580000)
  object space 188928K, 99% used [0x0000000080000000,0x000000008b86f858,0x000000008b880000)
 Metaspace       used 76273K, committed 78144K, reserved 1179648K
  class space    used 7916K, committed 8768K, reserved 1048576K
}
Event: 418.846 GC heap after
{Heap after GC invocations=332 (full 3):
 PSYoungGen      total 8704K, used 423K [0x00000000d5580000, 0x00000000d6080000, 0x0000000100000000)
  eden space 8192K, 0% used [0x00000000d5580000,0x00000000d5580000,0x00000000d5d80000)
  from space 512K, 82% used [0x00000000d5f80000,0x00000000d5fe9fc0,0x00000000d6000000)
  to   space 512K, 0% used [0x00000000d6000000,0x00000000d6000000,0x00000000d6080000)
 ParOldGen       total 189440K, used 189064K [0x0000000080000000, 0x000000008b900000, 0x00000000d5580000)
  object space 189440K, 99% used [0x0000000080000000,0x000000008b8a20f0,0x000000008b900000)
 Metaspace       used 76273K, committed 78144K, reserved 1179648K
  class space    used 7916K, committed 8768K, reserved 1048576K
}
Event: 418.879 GC heap before
{Heap before GC invocations=333 (full 3):
 PSYoungGen      total 8704K, used 8615K [0x00000000d5580000, 0x00000000d6080000, 0x0000000100000000)
  eden space 8192K, 100% used [0x00000000d5580000,0x00000000d5d80000,0x00000000d5d80000)
  from space 512K, 82% used [0x00000000d5f80000,0x00000000d5fe9fc0,0x00000000d6000000)
  to   space 512K, 0% used [0x00000000d6000000,0x00000000d6000000,0x00000000d6080000)
 ParOldGen       total 189440K, used 189064K [0x0000000080000000, 0x000000008b900000, 0x00000000d5580000)
  object space 189440K, 99% used [0x0000000080000000,0x000000008b8a20f0,0x000000008b900000)
 Metaspace       used 76273K, committed 78144K, reserved 1179648K
  class space    used 7916K, committed 8768K, reserved 1048576K
}
Event: 418.881 GC heap after
{Heap after GC invocations=333 (full 3):
 PSYoungGen      total 8704K, used 394K [0x00000000d5580000, 0x00000000d6080000, 0x0000000100000000)
  eden space 8192K, 0% used [0x00000000d5580000,0x00000000d5580000,0x00000000d5d80000)
  from space 512K, 77% used [0x00000000d6000000,0x00000000d6062930,0x00000000d6080000)
  to   space 512K, 0% used [0x00000000d5f80000,0x00000000d5f80000,0x00000000d6000000)
 ParOldGen       total 189440K, used 189339K [0x0000000080000000, 0x000000008b900000, 0x00000000d5580000)
  object space 189440K, 99% used [0x0000000080000000,0x000000008b8e6db0,0x000000008b900000)
 Metaspace       used 76273K, committed 78144K, reserved 1179648K
  class space    used 7916K, committed 8768K, reserved 1048576K
}
Event: 418.947 GC heap before
{Heap before GC invocations=334 (full 3):
 PSYoungGen      total 8704K, used 8586K [0x00000000d5580000, 0x00000000d6080000, 0x0000000100000000)
  eden space 8192K, 100% used [0x00000000d5580000,0x00000000d5d80000,0x00000000d5d80000)
  from space 512K, 77% used [0x00000000d6000000,0x00000000d6062930,0x00000000d6080000)
  to   space 512K, 0% used [0x00000000d5f80000,0x00000000d5f80000,0x00000000d6000000)
 ParOldGen       total 189440K, used 189339K [0x0000000080000000, 0x000000008b900000, 0x00000000d5580000)
  object space 189440K, 99% used [0x0000000080000000,0x000000008b8e6db0,0x000000008b900000)
 Metaspace       used 76273K, committed 78144K, reserved 1179648K
  class space    used 7916K, committed 8768K, reserved 1048576K
}
Event: 418.948 GC heap after
{Heap after GC invocations=334 (full 3):
 PSYoungGen      total 8704K, used 488K [0x00000000d5580000, 0x00000000d6080000, 0x0000000100000000)
  eden space 8192K, 0% used [0x00000000d5580000,0x00000000d5580000,0x00000000d5d80000)
  from space 512K, 95% used [0x00000000d5f80000,0x00000000d5ffa2b8,0x00000000d6000000)
  to   space 512K, 0% used [0x00000000d6000000,0x00000000d6000000,0x00000000d6080000)
 ParOldGen       total 189952K, used 189622K [0x0000000080000000, 0x000000008b980000, 0x00000000d5580000)
  object space 189952K, 99% used [0x0000000080000000,0x000000008b92db98,0x000000008b980000)
 Metaspace       used 76273K, committed 78144K, reserved 1179648K
  class space    used 7916K, committed 8768K, reserved 1048576K
}
Event: 418.997 GC heap before
{Heap before GC invocations=335 (full 3):
 PSYoungGen      total 8704K, used 8667K [0x00000000d5580000, 0x00000000d6080000, 0x0000000100000000)
  eden space 8192K, 99% used [0x00000000d5580000,0x00000000d5d7ca78,0x00000000d5d80000)
  from space 512K, 95% used [0x00000000d5f80000,0x00000000d5ffa2b8,0x00000000d6000000)
  to   space 512K, 0% used [0x00000000d6000000,0x00000000d6000000,0x00000000d6080000)
 ParOldGen       total 189952K, used 189622K [0x0000000080000000, 0x000000008b980000, 0x00000000d5580000)
  object space 189952K, 99% used [0x0000000080000000,0x000000008b92db98,0x000000008b980000)
 Metaspace       used 76273K, committed 78144K, reserved 1179648K
  class space    used 7916K, committed 8768K, reserved 1048576K
}
Event: 418.999 GC heap after
{Heap after GC invocations=335 (full 3):
 PSYoungGen      total 8704K, used 440K [0x00000000d5580000, 0x00000000d6080000, 0x0000000100000000)
  eden space 8192K, 0% used [0x00000000d5580000,0x00000000d5580000,0x00000000d5d80000)
  from space 512K, 85% used [0x00000000d6000000,0x00000000d606e0d0,0x00000000d6080000)
  to   space 1024K, 0% used [0x00000000d5e80000,0x00000000d5e80000,0x00000000d5f80000)
 ParOldGen       total 190464K, used 189982K [0x0000000080000000, 0x000000008ba00000, 0x00000000d5580000)
  object space 190464K, 99% used [0x0000000080000000,0x000000008b987bd0,0x000000008ba00000)
 Metaspace       used 76273K, committed 78144K, reserved 1179648K
  class space    used 7916K, committed 8768K, reserved 1048576K
}
Event: 419.029 GC heap before
{Heap before GC invocations=336 (full 3):
 PSYoungGen      total 8704K, used 8632K [0x00000000d5580000, 0x00000000d6080000, 0x0000000100000000)
  eden space 8192K, 100% used [0x00000000d5580000,0x00000000d5d80000,0x00000000d5d80000)
  from space 512K, 85% used [0x00000000d6000000,0x00000000d606e0d0,0x00000000d6080000)
  to   space 1024K, 0% used [0x00000000d5e80000,0x00000000d5e80000,0x00000000d5f80000)
 ParOldGen       total 190464K, used 189982K [0x0000000080000000, 0x000000008ba00000, 0x00000000d5580000)
  object space 190464K, 99% used [0x0000000080000000,0x000000008b987bd0,0x000000008ba00000)
 Metaspace       used 76273K, committed 78144K, reserved 1179648K
  class space    used 7916K, committed 8768K, reserved 1048576K
}
Event: 419.031 GC heap after
{Heap after GC invocations=336 (full 3):
 PSYoungGen      total 9216K, used 462K [0x00000000d5580000, 0x00000000d6080000, 0x0000000100000000)
  eden space 8192K, 0% used [0x00000000d5580000,0x00000000d5580000,0x00000000d5d80000)
  from space 1024K, 45% used [0x00000000d5e80000,0x00000000d5ef3ae0,0x00000000d5f80000)
  to   space 512K, 0% used [0x00000000d6000000,0x00000000d6000000,0x00000000d6080000)
 ParOldGen       total 190464K, used 190275K [0x0000000080000000, 0x000000008ba00000, 0x00000000d5580000)
  object space 190464K, 99% used [0x0000000080000000,0x000000008b9d0dd0,0x000000008ba00000)
 Metaspace       used 76273K, committed 78144K, reserved 1179648K
  class space    used 7916K, committed 8768K, reserved 1048576K
}
Event: 419.075 GC heap before
{Heap before GC invocations=337 (full 3):
 PSYoungGen      total 9216K, used 8654K [0x00000000d5580000, 0x00000000d6080000, 0x0000000100000000)
  eden space 8192K, 100% used [0x00000000d5580000,0x00000000d5d80000,0x00000000d5d80000)
  from space 1024K, 45% used [0x00000000d5e80000,0x00000000d5ef3ae0,0x00000000d5f80000)
  to   space 512K, 0% used [0x00000000d6000000,0x00000000d6000000,0x00000000d6080000)
 ParOldGen       total 190464K, used 190275K [0x0000000080000000, 0x000000008ba00000, 0x00000000d5580000)
  object space 190464K, 99% used [0x0000000080000000,0x000000008b9d0dd0,0x000000008ba00000)
 Metaspace       used 76273K, committed 78144K, reserved 1179648K
  class space    used 7916K, committed 8768K, reserved 1048576K
}
Event: 419.077 GC heap after
{Heap after GC invocations=337 (full 3):
 PSYoungGen      total 8704K, used 348K [0x00000000d5580000, 0x00000000d6080000, 0x0000000100000000)
  eden space 8192K, 0% used [0x00000000d5580000,0x00000000d5580000,0x00000000d5d80000)
  from space 512K, 67% used [0x00000000d6000000,0x00000000d6057000,0x00000000d6080000)
  to   space 512K, 0% used [0x00000000d5f80000,0x00000000d5f80000,0x00000000d6000000)
 ParOldGen       total 190976K, used 190577K [0x0000000080000000, 0x000000008ba80000, 0x00000000d5580000)
  object space 190976K, 99% used [0x0000000080000000,0x000000008ba1c450,0x000000008ba80000)
 Metaspace       used 76273K, committed 78144K, reserved 1179648K
  class space    used 7916K, committed 8768K, reserved 1048576K
}

