# JRE version: OpenJDK Runtime Environment Temurin-21.0.8+9 (21.0.8+9) (build 21.0.8+9-LTS)
# Java VM: OpenJDK 64-Bit Server VM Temurin-21.0.8+9 (21.0.8+9-LTS, mixed mode, sharing, tiered, compressed oops, compressed class ptrs, parallel gc, windows-amd64)
GC Precious Log:
 CardTable entry size: 512
 CPUs: 8 total, 8 available
 Memory: 3434M
 Large Page Support: Disabled
 NUMA Support: Disabled
 Compressed Oops: Enabled (32-bit)
 Alignments: Space 512K, Generation 512K, Heap 2M
 Heap Min Capacity: 100M
 Heap Initial Capacity: 100M
 Heap Max Capacity: 2G
 Pre-touch: Disabled
 Parallel Workers: 8
Heap:
 PSYoungGen      total 12288K, used 11840K [0x00000000d5580000, 0x00000000d6380000, 0x0000000100000000)
  eden space 10752K, 100% used [0x00000000d5580000,0x00000000d6000000,0x00000000d6000000)
  from space 1536K, 70% used [0x00000000d6000000,0x00000000d6110000,0x00000000d6180000)
  to   space 1536K, 7% used [0x00000000d6200000,0x00000000d621eaf0,0x00000000d6380000)
 ParOldGen       total 367616K, used 367613K [0x0000000080000000, 0x0000000096700000, 0x00000000d5580000)
  object space 367616K, 99% used [0x0000000080000000,0x00000000966ff6b8,0x0000000096700000)
 Metaspace       used 75194K, committed 76736K, reserved 1179648K
  class space    used 7823K, committed 8448K, reserved 1048576K
GC Heap History (20 events):
Event: 276.298 GC heap after
{Heap after GC invocations=821 (full 5):
 PSYoungGen      total 10752K, used 3268K [0x00000000d5580000, 0x00000000d6500000, 0x0000000100000000)
  eden space 7168K, 0% used [0x00000000d5580000,0x00000000d5580000,0x00000000d5c80000)
  from space 3584K, 91% used [0x00000000d6180000,0x00000000d64b1338,0x00000000d6500000)
  to   space 3584K, 0% used [0x00000000d5e00000,0x00000000d5e00000,0x00000000d6180000)
 ParOldGen       total 357888K, used 357419K [0x0000000080000000, 0x0000000095d80000, 0x00000000d5580000)
  object space 357888K, 99% used [0x0000000080000000,0x0000000095d0ad48,0x0000000095d80000)
 Metaspace       used 74913K, committed 76480K, reserved 1179648K
  class space    used 7789K, committed 8448K, reserved 1048576K
}
Event: 276.331 GC heap before
{Heap before GC invocations=822 (full 5):
 PSYoungGen      total 10752K, used 10436K [0x00000000d5580000, 0x00000000d6500000, 0x0000000100000000)
  eden space 7168K, 100% used [0x00000000d5580000,0x00000000d5c80000,0x00000000d5c80000)
  from space 3584K, 91% used [0x00000000d6180000,0x00000000d64b1338,0x00000000d6500000)
  to   space 3584K, 0% used [0x00000000d5e00000,0x00000000d5e00000,0x00000000d6180000)
 ParOldGen       total 357888K, used 357419K [0x0000000080000000, 0x0000000095d80000, 0x00000000d5580000)
  object space 357888K, 99% used [0x0000000080000000,0x0000000095d0ad48,0x0000000095d80000)
 Metaspace       used 74917K, committed 76480K, reserved 1179648K
  class space    used 7790K, committed 8448K, reserved 1048576K
}
Event: 276.337 GC heap after
{Heap after GC invocations=822 (full 5):
 PSYoungGen      total 11776K, used 3583K [0x00000000d5580000, 0x00000000d6680000, 0x0000000100000000)
  eden space 8192K, 0% used [0x00000000d5580000,0x00000000d5580000,0x00000000d5d80000)
  from space 3584K, 99% used [0x00000000d5e00000,0x00000000d617fc78,0x00000000d6180000)
  to   space 4608K, 0% used [0x00000000d6200000,0x00000000d6200000,0x00000000d6680000)
 ParOldGen       total 357888K, used 357788K [0x0000000080000000, 0x0000000095d80000, 0x00000000d5580000)
  object space 357888K, 99% used [0x0000000080000000,0x0000000095d671f8,0x0000000095d80000)
 Metaspace       used 74917K, committed 76480K, reserved 1179648K
  class space    used 7790K, committed 8448K, reserved 1048576K
}
Event: 276.464 GC heap before
{Heap before GC invocations=823 (full 5):
 PSYoungGen      total 11776K, used 11775K [0x00000000d5580000, 0x00000000d6680000, 0x0000000100000000)
  eden space 8192K, 100% used [0x00000000d5580000,0x00000000d5d80000,0x00000000d5d80000)
  from space 3584K, 99% used [0x00000000d5e00000,0x00000000d617fc78,0x00000000d6180000)
  to   space 4608K, 0% used [0x00000000d6200000,0x00000000d6200000,0x00000000d6680000)
 ParOldGen       total 357888K, used 357788K [0x0000000080000000, 0x0000000095d80000, 0x00000000d5580000)
  object space 357888K, 99% used [0x0000000080000000,0x0000000095d671f8,0x0000000095d80000)
 Metaspace       used 75023K, committed 76608K, reserved 1179648K
  class space    used 7797K, committed 8448K, reserved 1048576K
}
Event: 276.471 GC heap after
{Heap after GC invocations=823 (full 5):
 PSYoungGen      total 13312K, used 3400K [0x00000000d5580000, 0x00000000d6680000, 0x0000000100000000)
  eden space 8704K, 0% used [0x00000000d5580000,0x00000000d5580000,0x00000000d5e00000)
  from space 4608K, 73% used [0x00000000d6200000,0x00000000d6552368,0x00000000d6680000)
  to   space 4096K, 0% used [0x00000000d5e00000,0x00000000d5e00000,0x00000000d6200000)
 ParOldGen       total 359424K, used 359008K [0x0000000080000000, 0x0000000095f00000, 0x00000000d5580000)
  object space 359424K, 99% used [0x0000000080000000,0x0000000095e98200,0x0000000095f00000)
 Metaspace       used 75023K, committed 76608K, reserved 1179648K
  class space    used 7797K, committed 8448K, reserved 1048576K
}
Event: 276.546 GC heap before
{Heap before GC invocations=824 (full 5):
 PSYoungGen      total 13312K, used 12104K [0x00000000d5580000, 0x00000000d6680000, 0x0000000100000000)
  eden space 8704K, 100% used [0x00000000d5580000,0x00000000d5e00000,0x00000000d5e00000)
  from space 4608K, 73% used [0x00000000d6200000,0x00000000d6552368,0x00000000d6680000)
  to   space 4096K, 0% used [0x00000000d5e00000,0x00000000d5e00000,0x00000000d6200000)
 ParOldGen       total 359424K, used 359008K [0x0000000080000000, 0x0000000095f00000, 0x00000000d5580000)
  object space 359424K, 99% used [0x0000000080000000,0x0000000095e98200,0x0000000095f00000)
 Metaspace       used 75056K, committed 76608K, reserved 1179648K
  class space    used 7802K, committed 8448K, reserved 1048576K
}
Event: 276.550 GC heap after
{Heap after GC invocations=824 (full 5):
 PSYoungGen      total 12800K, used 4076K [0x00000000d5580000, 0x00000000d6700000, 0x0000000100000000)
  eden space 8704K, 0% used [0x00000000d5580000,0x00000000d5580000,0x00000000d5e00000)
  from space 4096K, 99% used [0x00000000d5e00000,0x00000000d61fb008,0x00000000d6200000)
  to   space 4608K, 0% used [0x00000000d6280000,0x00000000d6280000,0x00000000d6700000)
 ParOldGen       total 359424K, used 359024K [0x0000000080000000, 0x0000000095f00000, 0x00000000d5580000)
  object space 359424K, 99% used [0x0000000080000000,0x0000000095e9c200,0x0000000095f00000)
 Metaspace       used 75056K, committed 76608K, reserved 1179648K
  class space    used 7802K, committed 8448K, reserved 1048576K
}
Event: 276.665 GC heap before
{Heap before GC invocations=825 (full 5):
 PSYoungGen      total 12800K, used 12780K [0x00000000d5580000, 0x00000000d6700000, 0x0000000100000000)
  eden space 8704K, 100% used [0x00000000d5580000,0x00000000d5e00000,0x00000000d5e00000)
  from space 4096K, 99% used [0x00000000d5e00000,0x00000000d61fb008,0x00000000d6200000)
  to   space 4608K, 0% used [0x00000000d6280000,0x00000000d6280000,0x00000000d6700000)
 ParOldGen       total 359424K, used 359024K [0x0000000080000000, 0x0000000095f00000, 0x00000000d5580000)
  object space 359424K, 99% used [0x0000000080000000,0x0000000095e9c200,0x0000000095f00000)
 Metaspace       used 75098K, committed 76672K, reserved 1179648K
  class space    used 7805K, committed 8448K, reserved 1048576K
}
Event: 276.671 GC heap after
{Heap after GC invocations=825 (full 5):
 PSYoungGen      total 12800K, used 3720K [0x00000000d5580000, 0x00000000d6680000, 0x0000000100000000)
  eden space 8704K, 0% used [0x00000000d5580000,0x00000000d5580000,0x00000000d5e00000)
  from space 4096K, 90% used [0x00000000d6280000,0x00000000d6622018,0x00000000d6680000)
  to   space 4096K, 0% used [0x00000000d5e00000,0x00000000d5e00000,0x00000000d6200000)
 ParOldGen       total 360960K, used 360475K [0x0000000080000000, 0x0000000096080000, 0x00000000d5580000)
  object space 360960K, 99% used [0x0000000080000000,0x0000000096006fa0,0x0000000096080000)
 Metaspace       used 75098K, committed 76672K, reserved 1179648K
  class space    used 7805K, committed 8448K, reserved 1048576K
}
Event: 276.811 GC heap before
{Heap before GC invocations=826 (full 5):
 PSYoungGen      total 12800K, used 12424K [0x00000000d5580000, 0x00000000d6680000, 0x0000000100000000)
  eden space 8704K, 100% used [0x00000000d5580000,0x00000000d5e00000,0x00000000d5e00000)
  from space 4096K, 90% used [0x00000000d6280000,0x00000000d6622018,0x00000000d6680000)
  to   space 4096K, 0% used [0x00000000d5e00000,0x00000000d5e00000,0x00000000d6200000)
 ParOldGen       total 360960K, used 360475K [0x0000000080000000, 0x0000000096080000, 0x00000000d5580000)
  object space 360960K, 99% used [0x0000000080000000,0x0000000096006fa0,0x0000000096080000)
 Metaspace       used 75166K, committed 76672K, reserved 1179648K
  class space    used 7814K, committed 8448K, reserved 1048576K
}
Event: 276.819 GC heap after
{Heap after GC invocations=826 (full 5):
 PSYoungGen      total 12800K, used 4088K [0x00000000d5580000, 0x00000000d6800000, 0x0000000100000000)
  eden space 8704K, 0% used [0x00000000d5580000,0x00000000d5580000,0x00000000d5e00000)
  from space 4096K, 99% used [0x00000000d5e00000,0x00000000d61fe008,0x00000000d6200000)
  to   space 5120K, 0% used [0x00000000d6300000,0x00000000d6300000,0x00000000d6800000)
 ParOldGen       total 360960K, used 360915K [0x0000000080000000, 0x0000000096080000, 0x00000000d5580000)
  object space 360960K, 99% used [0x0000000080000000,0x0000000096074fa0,0x0000000096080000)
 Metaspace       used 75166K, committed 76672K, reserved 1179648K
  class space    used 7814K, committed 8448K, reserved 1048576K
}
Event: 276.929 GC heap before
{Heap before GC invocations=827 (full 5):
 PSYoungGen      total 12800K, used 12792K [0x00000000d5580000, 0x00000000d6800000, 0x0000000100000000)
  eden space 8704K, 100% used [0x00000000d5580000,0x00000000d5e00000,0x00000000d5e00000)
  from space 4096K, 99% used [0x00000000d5e00000,0x00000000d61fe008,0x00000000d6200000)
  to   space 5120K, 0% used [0x00000000d6300000,0x00000000d6300000,0x00000000d6800000)
 ParOldGen       total 360960K, used 360915K [0x0000000080000000, 0x0000000096080000, 0x00000000d5580000)
  object space 360960K, 99% used [0x0000000080000000,0x0000000096074fa0,0x0000000096080000)
 Metaspace       used 75186K, committed 76736K, reserved 1179648K
  class space    used 7821K, committed 8448K, reserved 1048576K
}
Event: 277.937 GC heap after
{Heap after GC invocations=827 (full 5):
 PSYoungGen      total 13312K, used 5042K [0x00000000d5580000, 0x00000000d6a80000, 0x0000000100000000)
  eden space 8192K, 0% used [0x00000000d5580000,0x00000000d5580000,0x00000000d5d80000)
  from space 5120K, 98% used [0x00000000d6300000,0x00000000d67ec808,0x00000000d6800000)
  to   space 5632K, 0% used [0x00000000d5d80000,0x00000000d5d80000,0x00000000d6300000)
 ParOldGen       total 362496K, used 362314K [0x0000000080000000, 0x0000000096200000, 0x00000000d5580000)
  object space 362496K, 99% used [0x0000000080000000,0x00000000961d2ab8,0x0000000096200000)
 Metaspace       used 75186K, committed 76736K, reserved 1179648K
  class space    used 7821K, committed 8448K, reserved 1048576K
}
Event: 278.046 GC heap before
{Heap before GC invocations=828 (full 5):
 PSYoungGen      total 13312K, used 13234K [0x00000000d5580000, 0x00000000d6a80000, 0x0000000100000000)
  eden space 8192K, 100% used [0x00000000d5580000,0x00000000d5d80000,0x00000000d5d80000)
  from space 5120K, 98% used [0x00000000d6300000,0x00000000d67ec808,0x00000000d6800000)
  to   space 5632K, 0% used [0x00000000d5d80000,0x00000000d5d80000,0x00000000d6300000)
 ParOldGen       total 362496K, used 362314K [0x0000000080000000, 0x0000000096200000, 0x00000000d5580000)
  object space 362496K, 99% used [0x0000000080000000,0x00000000961d2ab8,0x0000000096200000)
 Metaspace       used 75193K, committed 76736K, reserved 1179648K
  class space    used 7823K, committed 8448K, reserved 1048576K
}
Event: 278.052 GC heap after
{Heap after GC invocations=828 (full 5):
 PSYoungGen      total 13824K, used 2760K [0x00000000d5580000, 0x00000000d6700000, 0x0000000100000000)
  eden space 8192K, 0% used [0x00000000d5580000,0x00000000d5580000,0x00000000d5d80000)
  from space 5632K, 49% used [0x00000000d5d80000,0x00000000d60320f0,0x00000000d6300000)
  to   space 4096K, 0% used [0x00000000d6300000,0x00000000d6300000,0x00000000d6700000)
 ParOldGen       total 364544K, used 364094K [0x0000000080000000, 0x0000000096400000, 0x00000000d5580000)
  object space 364544K, 99% used [0x0000000080000000,0x000000009638fad0,0x0000000096400000)
 Metaspace       used 75193K, committed 76736K, reserved 1179648K
  class space    used 7823K, committed 8448K, reserved 1048576K
}
Event: 278.074 GC heap before
{Heap before GC invocations=829 (full 5):
 PSYoungGen      total 13824K, used 10952K [0x00000000d5580000, 0x00000000d6700000, 0x0000000100000000)
  eden space 8192K, 100% used [0x00000000d5580000,0x00000000d5d80000,0x00000000d5d80000)
  from space 5632K, 49% used [0x00000000d5d80000,0x00000000d60320f0,0x00000000d6300000)
  to   space 4096K, 0% used [0x00000000d6300000,0x00000000d6300000,0x00000000d6700000)
 ParOldGen       total 364544K, used 364094K [0x0000000080000000, 0x0000000096400000, 0x00000000d5580000)
  object space 364544K, 99% used [0x0000000080000000,0x000000009638fad0,0x0000000096400000)
 Metaspace       used 75193K, committed 76736K, reserved 1179648K
  class space    used 7823K, committed 8448K, reserved 1048576K
}
Event: 278.078 GC heap after
{Heap after GC invocations=829 (full 5):
 PSYoungGen      total 11776K, used 2000K [0x00000000d5580000, 0x00000000d6500000, 0x0000000100000000)
  eden space 9728K, 0% used [0x00000000d5580000,0x00000000d5580000,0x00000000d5f00000)
  from space 2048K, 97% used [0x00000000d6300000,0x00000000d64f4108,0x00000000d6500000)
  to   space 2560K, 0% used [0x00000000d6000000,0x00000000d6000000,0x00000000d6280000)
 ParOldGen       total 365568K, used 365534K [0x0000000080000000, 0x0000000096500000, 0x00000000d5580000)
  object space 365568K, 99% used [0x0000000080000000,0x00000000964f7af0,0x0000000096500000)
 Metaspace       used 75193K, committed 76736K, reserved 1179648K
  class space    used 7823K, committed 8448K, reserved 1048576K
}
Event: 278.131 GC heap before
{Heap before GC invocations=830 (full 5):
 PSYoungGen      total 11776K, used 11728K [0x00000000d5580000, 0x00000000d6500000, 0x0000000100000000)
  eden space 9728K, 100% used [0x00000000d5580000,0x00000000d5f00000,0x00000000d5f00000)
  from space 2048K, 97% used [0x00000000d6300000,0x00000000d64f4108,0x00000000d6500000)
  to   space 2560K, 0% used [0x00000000d6000000,0x00000000d6000000,0x00000000d6280000)
 ParOldGen       total 365568K, used 365534K [0x0000000080000000, 0x0000000096500000, 0x00000000d5580000)
  object space 365568K, 99% used [0x0000000080000000,0x00000000964f7af0,0x0000000096500000)
 Metaspace       used 75194K, committed 76736K, reserved 1179648K
  class space    used 7823K, committed 8448K, reserved 1048576K
}
Event: 278.135 GC heap after
{Heap after GC invocations=830 (full 5):
 PSYoungGen      total 12288K, used 1088K [0x00000000d5580000, 0x00000000d6380000, 0x0000000100000000)
  eden space 10752K, 0% used [0x00000000d5580000,0x00000000d5580000,0x00000000d6000000)
  from space 1536K, 70% used [0x00000000d6000000,0x00000000d6110000,0x00000000d6180000)
  to   space 1536K, 0% used [0x00000000d6200000,0x00000000d6200000,0x00000000d6380000)
 ParOldGen       total 367616K, used 367425K [0x0000000080000000, 0x0000000096700000, 0x00000000d5580000)
  object space 367616K, 99% used [0x0000000080000000,0x00000000966d07e0,0x0000000096700000)
 Metaspace       used 75194K, committed 76736K, reserved 1179648K
  class space    used 7823K, committed 8448K, reserved 1048576K
}
Event: 279.142 GC heap before
{Heap before GC invocations=831 (full 5):
 PSYoungGen      total 12288K, used 11840K [0x00000000d5580000, 0x00000000d6380000, 0x0000000100000000)
  eden space 10752K, 100% used [0x00000000d5580000,0x00000000d6000000,0x00000000d6000000)
  from space 1536K, 70% used [0x00000000d6000000,0x00000000d6110000,0x00000000d6180000)
  to   space 1536K, 0% used [0x00000000d6200000,0x00000000d6200000,0x00000000d6380000)
 ParOldGen       total 367616K, used 367485K [0x0000000080000000, 0x0000000096700000, 0x00000000d5580000)
  object space 367616K, 99% used [0x0000000080000000,0x00000000966df6b8,0x0000000096700000)
 Metaspace       used 75194K, committed 76736K, reserved 1179648K
  class space    used 7823K, committed 8448K, reserved 1048576K
}

