# JRE version: OpenJDK Runtime Environment Temurin-21.0.8+9 (21.0.8+9) (build 21.0.8+9-LTS)
# Java VM: OpenJDK 64-Bit Server VM Temurin-21.0.8+9 (21.0.8+9-LTS, mixed mode, sharing, tiered, compressed oops, compressed class ptrs, parallel gc, windows-amd64)
GC Precious Log:
 CardTable entry size: 512
 CPUs: 8 total, 8 available
 Memory: 3434M
 Large Page Support: Disabled
 NUMA Support: Disabled
 Compressed Oops: Enabled (32-bit)
 Alignments: Space 512K, Generation 512K, Heap 2M
 Heap Min Capacity: 100M
 Heap Initial Capacity: 100M
 Heap Max Capacity: 2G
 Pre-touch: Disabled
 Parallel Workers: 8
Heap:
 PSYoungGen      total 5120K, used 2416K [0x00000000d5580000, 0x00000000d5d80000, 0x0000000100000000)
  eden space 4608K, 43% used [0x00000000d5580000,0x00000000d577aab8,0x00000000d5a00000)
  from space 512K, 76% used [0x00000000d5d00000,0x00000000d5d61758,0x00000000d5d80000)
  to   space 512K, 0% used [0x00000000d5c80000,0x00000000d5c80000,0x00000000d5d00000)
 ParOldGen       total 251392K, used 251072K [0x0000000080000000, 0x000000008f580000, 0x00000000d5580000)
  object space 251392K, 99% used [0x0000000080000000,0x000000008f5300e8,0x000000008f580000)
 Metaspace       used 79308K, committed 81152K, reserved 1179648K
  class space    used 8408K, committed 9216K, reserved 1048576K
GC Heap History (20 events):
Event: 62.224 GC heap before
{Heap before GC invocations=250 (full 3):
 PSYoungGen      total 7168K, used 7152K [0x00000000d5580000, 0x00000000d6180000, 0x0000000100000000)
  eden space 6144K, 100% used [0x00000000d5580000,0x00000000d5b80000,0x00000000d5b80000)
  from space 1024K, 98% used [0x00000000d6080000,0x00000000d617c3b8,0x00000000d6180000)
  to   space 3072K, 0% used [0x00000000d5b80000,0x00000000d5b80000,0x00000000d5e80000)
 ParOldGen       total 245248K, used 244822K [0x0000000080000000, 0x000000008ef80000, 0x00000000d5580000)
  object space 245248K, 99% used [0x0000000080000000,0x000000008ef15af0,0x000000008ef80000)
 Metaspace       used 78470K, committed 80256K, reserved 1179648K
  class space    used 8337K, committed 9088K, reserved 1048576K
}
Event: 62.226 GC heap after
{Heap after GC invocations=250 (full 3):
 PSYoungGen      total 9216K, used 1832K [0x00000000d5580000, 0x00000000d6100000, 0x0000000100000000)
  eden space 6144K, 0% used [0x00000000d5580000,0x00000000d5580000,0x00000000d5b80000)
  from space 3072K, 59% used [0x00000000d5b80000,0x00000000d5d4a2e0,0x00000000d5e80000)
  to   space 2560K, 0% used [0x00000000d5e80000,0x00000000d5e80000,0x00000000d6100000)
 ParOldGen       total 246272K, used 245823K [0x0000000080000000, 0x000000008f080000, 0x00000000d5580000)
  object space 246272K, 99% used [0x0000000080000000,0x000000008f00ff00,0x000000008f080000)
 Metaspace       used 78470K, committed 80256K, reserved 1179648K
  class space    used 8337K, committed 9088K, reserved 1048576K
}
Event: 62.345 GC heap before
{Heap before GC invocations=251 (full 3):
 PSYoungGen      total 9216K, used 7976K [0x00000000d5580000, 0x00000000d6100000, 0x0000000100000000)
  eden space 6144K, 100% used [0x00000000d5580000,0x00000000d5b80000,0x00000000d5b80000)
  from space 3072K, 59% used [0x00000000d5b80000,0x00000000d5d4a2e0,0x00000000d5e80000)
  to   space 2560K, 0% used [0x00000000d5e80000,0x00000000d5e80000,0x00000000d6100000)
 ParOldGen       total 246272K, used 245823K [0x0000000080000000, 0x000000008f080000, 0x00000000d5580000)
  object space 246272K, 99% used [0x0000000080000000,0x000000008f00ff00,0x000000008f080000)
 Metaspace       used 78505K, committed 80256K, reserved 1179648K
  class space    used 8337K, committed 9088K, reserved 1048576K
}
Event: 62.348 GC heap after
{Heap after GC invocations=251 (full 3):
 PSYoungGen      total 7168K, used 2553K [0x00000000d5580000, 0x00000000d6480000, 0x0000000100000000)
  eden space 4608K, 0% used [0x00000000d5580000,0x00000000d5580000,0x00000000d5a00000)
  from space 2560K, 99% used [0x00000000d5e80000,0x00000000d60fe588,0x00000000d6100000)
  to   space 4608K, 0% used [0x00000000d5a00000,0x00000000d5a00000,0x00000000d5e80000)
 ParOldGen       total 247808K, used 247439K [0x0000000080000000, 0x000000008f200000, 0x00000000d5580000)
  object space 247808K, 99% used [0x0000000080000000,0x000000008f1a3fc8,0x000000008f200000)
 Metaspace       used 78505K, committed 80256K, reserved 1179648K
  class space    used 8337K, committed 9088K, reserved 1048576K
}
Event: 62.383 GC heap before
{Heap before GC invocations=252 (full 3):
 PSYoungGen      total 7168K, used 7161K [0x00000000d5580000, 0x00000000d6480000, 0x0000000100000000)
  eden space 4608K, 100% used [0x00000000d5580000,0x00000000d5a00000,0x00000000d5a00000)
  from space 2560K, 99% used [0x00000000d5e80000,0x00000000d60fe588,0x00000000d6100000)
  to   space 4608K, 0% used [0x00000000d5a00000,0x00000000d5a00000,0x00000000d5e80000)
 ParOldGen       total 247808K, used 247439K [0x0000000080000000, 0x000000008f200000, 0x00000000d5580000)
  object space 247808K, 99% used [0x0000000080000000,0x000000008f1a3fc8,0x000000008f200000)
 Metaspace       used 78512K, committed 80256K, reserved 1179648K
  class space    used 8337K, committed 9088K, reserved 1048576K
}
Event: 62.386 GC heap after
{Heap after GC invocations=252 (full 3):
 PSYoungGen      total 7680K, used 2987K [0x00000000d5580000, 0x00000000d6100000, 0x0000000100000000)
  eden space 4608K, 0% used [0x00000000d5580000,0x00000000d5580000,0x00000000d5a00000)
  from space 3072K, 97% used [0x00000000d5a00000,0x00000000d5ceaed0,0x00000000d5d00000)
  to   space 3584K, 0% used [0x00000000d5d80000,0x00000000d5d80000,0x00000000d6100000)
 ParOldGen       total 249856K, used 249228K [0x0000000080000000, 0x000000008f400000, 0x00000000d5580000)
  object space 249856K, 99% used [0x0000000080000000,0x000000008f3631f8,0x000000008f400000)
 Metaspace       used 78512K, committed 80256K, reserved 1179648K
  class space    used 8337K, committed 9088K, reserved 1048576K
}
Event: 62.436 GC heap before
{Heap before GC invocations=253 (full 3):
 PSYoungGen      total 7680K, used 7595K [0x00000000d5580000, 0x00000000d6100000, 0x0000000100000000)
  eden space 4608K, 100% used [0x00000000d5580000,0x00000000d5a00000,0x00000000d5a00000)
  from space 3072K, 97% used [0x00000000d5a00000,0x00000000d5ceaed0,0x00000000d5d00000)
  to   space 3584K, 0% used [0x00000000d5d80000,0x00000000d5d80000,0x00000000d6100000)
 ParOldGen       total 249856K, used 249228K [0x0000000080000000, 0x000000008f400000, 0x00000000d5580000)
  object space 249856K, 99% used [0x0000000080000000,0x000000008f3631f8,0x000000008f400000)
 Metaspace       used 78556K, committed 80320K, reserved 1179648K
  class space    used 8337K, committed 9088K, reserved 1048576K
}
Event: 62.438 GC heap after
{Heap after GC invocations=253 (full 3):
 PSYoungGen      total 6144K, used 1184K [0x00000000d5580000, 0x00000000d5f00000, 0x0000000100000000)
  eden space 4608K, 0% used [0x00000000d5580000,0x00000000d5580000,0x00000000d5a00000)
  from space 1536K, 77% used [0x00000000d5d80000,0x00000000d5ea8000,0x00000000d5f00000)
  to   space 2048K, 0% used [0x00000000d5b00000,0x00000000d5b00000,0x00000000d5d00000)
 ParOldGen       total 249856K, used 249620K [0x0000000080000000, 0x000000008f400000, 0x00000000d5580000)
  object space 249856K, 99% used [0x0000000080000000,0x000000008f3c51f8,0x000000008f400000)
 Metaspace       used 78556K, committed 80320K, reserved 1179648K
  class space    used 8337K, committed 9088K, reserved 1048576K
}
Event: 62.482 GC heap before
{Heap before GC invocations=254 (full 3):
 PSYoungGen      total 6144K, used 5792K [0x00000000d5580000, 0x00000000d5f00000, 0x0000000100000000)
  eden space 4608K, 100% used [0x00000000d5580000,0x00000000d5a00000,0x00000000d5a00000)
  from space 1536K, 77% used [0x00000000d5d80000,0x00000000d5ea8000,0x00000000d5f00000)
  to   space 2048K, 0% used [0x00000000d5b00000,0x00000000d5b00000,0x00000000d5d00000)
 ParOldGen       total 249856K, used 249620K [0x0000000080000000, 0x000000008f400000, 0x00000000d5580000)
  object space 249856K, 99% used [0x0000000080000000,0x000000008f3c51f8,0x000000008f400000)
 Metaspace       used 78573K, committed 80384K, reserved 1179648K
  class space    used 8339K, committed 9152K, reserved 1048576K
}
Event: 62.484 GC heap after
{Heap after GC invocations=254 (full 3):
 PSYoungGen      total 6656K, used 352K [0x00000000d5580000, 0x00000000d5e00000, 0x0000000100000000)
  eden space 4608K, 0% used [0x00000000d5580000,0x00000000d5580000,0x00000000d5a00000)
  from space 2048K, 17% used [0x00000000d5b00000,0x00000000d5b58000,0x00000000d5d00000)
  to   space 1024K, 0% used [0x00000000d5d00000,0x00000000d5d00000,0x00000000d5e00000)
 ParOldGen       total 250368K, used 250056K [0x0000000080000000, 0x000000008f480000, 0x00000000d5580000)
  object space 250368K, 99% used [0x0000000080000000,0x000000008f432208,0x000000008f480000)
 Metaspace       used 78573K, committed 80384K, reserved 1179648K
  class space    used 8339K, committed 9152K, reserved 1048576K
}
Event: 62.600 GC heap before
{Heap before GC invocations=255 (full 3):
 PSYoungGen      total 6656K, used 4960K [0x00000000d5580000, 0x00000000d5e00000, 0x0000000100000000)
  eden space 4608K, 100% used [0x00000000d5580000,0x00000000d5a00000,0x00000000d5a00000)
  from space 2048K, 17% used [0x00000000d5b00000,0x00000000d5b58000,0x00000000d5d00000)
  to   space 1024K, 0% used [0x00000000d5d00000,0x00000000d5d00000,0x00000000d5e00000)
 ParOldGen       total 250368K, used 250056K [0x0000000080000000, 0x000000008f480000, 0x00000000d5580000)
  object space 250368K, 99% used [0x0000000080000000,0x000000008f432208,0x000000008f480000)
 Metaspace       used 78962K, committed 80704K, reserved 1179648K
  class space    used 8372K, committed 9152K, reserved 1048576K
}
Event: 62.602 GC heap after
{Heap after GC invocations=255 (full 3):
 PSYoungGen      total 5120K, used 352K [0x00000000d5580000, 0x00000000d5d80000, 0x0000000100000000)
  eden space 4608K, 0% used [0x00000000d5580000,0x00000000d5580000,0x00000000d5a00000)
  from space 512K, 68% used [0x00000000d5d00000,0x00000000d5d58020,0x00000000d5d80000)
  to   space 512K, 0% used [0x00000000d5c80000,0x00000000d5c80000,0x00000000d5d00000)
 ParOldGen       total 250368K, used 250296K [0x0000000080000000, 0x000000008f480000, 0x00000000d5580000)
  object space 250368K, 99% used [0x0000000080000000,0x000000008f46e208,0x000000008f480000)
 Metaspace       used 78962K, committed 80704K, reserved 1179648K
  class space    used 8372K, committed 9152K, reserved 1048576K
}
Event: 62.748 GC heap before
{Heap before GC invocations=256 (full 3):
 PSYoungGen      total 5120K, used 4959K [0x00000000d5580000, 0x00000000d5d80000, 0x0000000100000000)
  eden space 4608K, 99% used [0x00000000d5580000,0x00000000d59fff98,0x00000000d5a00000)
  from space 512K, 68% used [0x00000000d5d00000,0x00000000d5d58020,0x00000000d5d80000)
  to   space 512K, 0% used [0x00000000d5c80000,0x00000000d5c80000,0x00000000d5d00000)
 ParOldGen       total 250368K, used 250296K [0x0000000080000000, 0x000000008f480000, 0x00000000d5580000)
  object space 250368K, 99% used [0x0000000080000000,0x000000008f46e208,0x000000008f480000)
 Metaspace       used 79058K, committed 80832K, reserved 1179648K
  class space    used 8381K, committed 9152K, reserved 1048576K
}
Event: 62.750 GC heap after
{Heap after GC invocations=256 (full 3):
 PSYoungGen      total 5120K, used 368K [0x00000000d5580000, 0x00000000d5d80000, 0x0000000100000000)
  eden space 4608K, 0% used [0x00000000d5580000,0x00000000d5580000,0x00000000d5a00000)
  from space 512K, 71% used [0x00000000d5c80000,0x00000000d5cdc010,0x00000000d5d00000)
  to   space 512K, 0% used [0x00000000d5d00000,0x00000000d5d00000,0x00000000d5d80000)
 ParOldGen       total 250880K, used 250480K [0x0000000080000000, 0x000000008f500000, 0x00000000d5580000)
  object space 250880K, 99% used [0x0000000080000000,0x000000008f49c208,0x000000008f500000)
 Metaspace       used 79058K, committed 80832K, reserved 1179648K
  class space    used 8381K, committed 9152K, reserved 1048576K
}
Event: 446.996 GC heap before
{Heap before GC invocations=257 (full 3):
 PSYoungGen      total 5120K, used 4976K [0x00000000d5580000, 0x00000000d5d80000, 0x0000000100000000)
  eden space 4608K, 100% used [0x00000000d5580000,0x00000000d5a00000,0x00000000d5a00000)
  from space 512K, 71% used [0x00000000d5c80000,0x00000000d5cdc010,0x00000000d5d00000)
  to   space 512K, 0% used [0x00000000d5d00000,0x00000000d5d00000,0x00000000d5d80000)
 ParOldGen       total 250880K, used 250480K [0x0000000080000000, 0x000000008f500000, 0x00000000d5580000)
  object space 250880K, 99% used [0x0000000080000000,0x000000008f49c208,0x000000008f500000)
 Metaspace       used 79300K, committed 81152K, reserved 1179648K
  class space    used 8408K, committed 9216K, reserved 1048576K
}
Event: 447.184 GC heap after
{Heap after GC invocations=257 (full 3):
 PSYoungGen      total 5120K, used 400K [0x00000000d5580000, 0x00000000d5d80000, 0x0000000100000000)
  eden space 4608K, 0% used [0x00000000d5580000,0x00000000d5580000,0x00000000d5a00000)
  from space 512K, 78% used [0x00000000d5d00000,0x00000000d5d64340,0x00000000d5d80000)
  to   space 512K, 0% used [0x00000000d5c80000,0x00000000d5c80000,0x00000000d5d00000)
 ParOldGen       total 250880K, used 250680K [0x0000000080000000, 0x000000008f500000, 0x00000000d5580000)
  object space 250880K, 99% used [0x0000000080000000,0x000000008f4ce228,0x000000008f500000)
 Metaspace       used 79300K, committed 81152K, reserved 1179648K
  class space    used 8408K, committed 9216K, reserved 1048576K
}
Event: 447.252 GC heap before
{Heap before GC invocations=258 (full 3):
 PSYoungGen      total 5120K, used 5008K [0x00000000d5580000, 0x00000000d5d80000, 0x0000000100000000)
  eden space 4608K, 99% used [0x00000000d5580000,0x00000000d59ffff0,0x00000000d5a00000)
  from space 512K, 78% used [0x00000000d5d00000,0x00000000d5d64340,0x00000000d5d80000)
  to   space 512K, 0% used [0x00000000d5c80000,0x00000000d5c80000,0x00000000d5d00000)
 ParOldGen       total 250880K, used 250680K [0x0000000080000000, 0x000000008f500000, 0x00000000d5580000)
  object space 250880K, 99% used [0x0000000080000000,0x000000008f4ce228,0x000000008f500000)
 Metaspace       used 79300K, committed 81152K, reserved 1179648K
  class space    used 8408K, committed 9216K, reserved 1048576K
}
Event: 447.255 GC heap after
{Heap after GC invocations=258 (full 3):
 PSYoungGen      total 5120K, used 192K [0x00000000d5580000, 0x00000000d5d80000, 0x0000000100000000)
  eden space 4608K, 0% used [0x00000000d5580000,0x00000000d5580000,0x00000000d5a00000)
  from space 512K, 37% used [0x00000000d5c80000,0x00000000d5cb0000,0x00000000d5d00000)
  to   space 512K, 0% used [0x00000000d5d00000,0x00000000d5d00000,0x00000000d5d80000)
 ParOldGen       total 251392K, used 250968K [0x0000000080000000, 0x000000008f580000, 0x00000000d5580000)
  object space 251392K, 99% used [0x0000000080000000,0x000000008f5160e8,0x000000008f580000)
 Metaspace       used 79300K, committed 81152K, reserved 1179648K
  class space    used 8408K, committed 9216K, reserved 1048576K
}
Event: 447.672 GC heap before
{Heap before GC invocations=259 (full 3):
 PSYoungGen      total 5120K, used 4800K [0x00000000d5580000, 0x00000000d5d80000, 0x0000000100000000)
  eden space 4608K, 100% used [0x00000000d5580000,0x00000000d5a00000,0x00000000d5a00000)
  from space 512K, 37% used [0x00000000d5c80000,0x00000000d5cb0000,0x00000000d5d00000)
  to   space 512K, 0% used [0x00000000d5d00000,0x00000000d5d00000,0x00000000d5d80000)
 ParOldGen       total 251392K, used 250968K [0x0000000080000000, 0x000000008f580000, 0x00000000d5580000)
  object space 251392K, 99% used [0x0000000080000000,0x000000008f5160e8,0x000000008f580000)
 Metaspace       used 79300K, committed 81152K, reserved 1179648K
  class space    used 8408K, committed 9216K, reserved 1048576K
}
Event: 447.676 GC heap after
{Heap after GC invocations=259 (full 3):
 PSYoungGen      total 5120K, used 389K [0x00000000d5580000, 0x00000000d5d80000, 0x0000000100000000)
  eden space 4608K, 0% used [0x00000000d5580000,0x00000000d5580000,0x00000000d5a00000)
  from space 512K, 76% used [0x00000000d5d00000,0x00000000d5d61758,0x00000000d5d80000)
  to   space 512K, 0% used [0x00000000d5c80000,0x00000000d5c80000,0x00000000d5d00000)
 ParOldGen       total 251392K, used 251072K [0x0000000080000000, 0x000000008f580000, 0x00000000d5580000)
  object space 251392K, 99% used [0x0000000080000000,0x000000008f5300e8,0x000000008f580000)
 Metaspace       used 79300K, committed 81152K, reserved 1179648K
  class space    used 8408K, committed 9216K, reserved 1048576K
}

